ARM GAS  /tmp/ccvOmZ6r.s 			page 1


   1              		.syntax unified
   2              		.cpu cortex-m4
   3              		.eabi_attribute 27, 3
   4              		.fpu fpv4-sp-d16
   5              		.eabi_attribute 20, 1
   6              		.eabi_attribute 21, 1
   7              		.eabi_attribute 23, 3
   8              		.eabi_attribute 24, 1
   9              		.eabi_attribute 25, 1
  10              		.eabi_attribute 26, 1
  11              		.eabi_attribute 30, 6
  12              		.eabi_attribute 34, 1
  13              		.eabi_attribute 18, 4
  14              		.thumb
  15              		.file	"stm32f4xx_hal_msp.c"
  16              		.text
  17              	.Ltext0:
  18              		.cfi_sections	.debug_frame
  19              		.section	.text.HAL_I2C_MspInit,"ax",%progbits
  20              		.align	2
  21              		.global	HAL_I2C_MspInit
  22              		.thumb
  23              		.thumb_func
  25              	HAL_I2C_MspInit:
  26              	.LFB125:
  27              		.file 1 "Src/stm32f4xx_hal_msp.c"
   1:Src/stm32f4xx_hal_msp.c **** /**
   2:Src/stm32f4xx_hal_msp.c ****   ******************************************************************************
   3:Src/stm32f4xx_hal_msp.c ****   * @file    I2C/I2C_TwoBoards_ComPolling/Src/stm32f4xx_hal_msp.c
   4:Src/stm32f4xx_hal_msp.c ****   * @author  MCD Application Team
   5:Src/stm32f4xx_hal_msp.c ****   * @version V1.2.3
   6:Src/stm32f4xx_hal_msp.c ****   * @date    09-October-2015 
   7:Src/stm32f4xx_hal_msp.c ****   * @brief   HAL MSP module.    
   8:Src/stm32f4xx_hal_msp.c ****   ******************************************************************************
   9:Src/stm32f4xx_hal_msp.c ****   * @attention
  10:Src/stm32f4xx_hal_msp.c ****   *
  11:Src/stm32f4xx_hal_msp.c ****   * <h2><center>&copy; COPYRIGHT(c) 2015 STMicroelectronics</center></h2>
  12:Src/stm32f4xx_hal_msp.c ****   *
  13:Src/stm32f4xx_hal_msp.c ****   * Redistribution and use in source and binary forms, with or without modification,
  14:Src/stm32f4xx_hal_msp.c ****   * are permitted provided that the following conditions are met:
  15:Src/stm32f4xx_hal_msp.c ****   *   1. Redistributions of source code must retain the above copyright notice,
  16:Src/stm32f4xx_hal_msp.c ****   *      this list of conditions and the following disclaimer.
  17:Src/stm32f4xx_hal_msp.c ****   *   2. Redistributions in binary form must reproduce the above copyright notice,
  18:Src/stm32f4xx_hal_msp.c ****   *      this list of conditions and the following disclaimer in the documentation
  19:Src/stm32f4xx_hal_msp.c ****   *      and/or other materials provided with the distribution.
  20:Src/stm32f4xx_hal_msp.c ****   *   3. Neither the name of STMicroelectronics nor the names of its contributors
  21:Src/stm32f4xx_hal_msp.c ****   *      may be used to endorse or promote products derived from this software
  22:Src/stm32f4xx_hal_msp.c ****   *      without specific prior written permission.
  23:Src/stm32f4xx_hal_msp.c ****   *
  24:Src/stm32f4xx_hal_msp.c ****   * THIS SOFTWARE IS PROVIDED BY THE COPYRIGHT HOLDERS AND CONTRIBUTORS "AS IS"
  25:Src/stm32f4xx_hal_msp.c ****   * AND ANY EXPRESS OR IMPLIED WARRANTIES, INCLUDING, BUT NOT LIMITED TO, THE
  26:Src/stm32f4xx_hal_msp.c ****   * IMPLIED WARRANTIES OF MERCHANTABILITY AND FITNESS FOR A PARTICULAR PURPOSE ARE
  27:Src/stm32f4xx_hal_msp.c ****   * DISCLAIMED. IN NO EVENT SHALL THE COPYRIGHT HOLDER OR CONTRIBUTORS BE LIABLE
  28:Src/stm32f4xx_hal_msp.c ****   * FOR ANY DIRECT, INDIRECT, INCIDENTAL, SPECIAL, EXEMPLARY, OR CONSEQUENTIAL
  29:Src/stm32f4xx_hal_msp.c ****   * DAMAGES (INCLUDING, BUT NOT LIMITED TO, PROCUREMENT OF SUBSTITUTE GOODS OR
  30:Src/stm32f4xx_hal_msp.c ****   * SERVICES; LOSS OF USE, DATA, OR PROFITS; OR BUSINESS INTERRUPTION) HOWEVER
  31:Src/stm32f4xx_hal_msp.c ****   * CAUSED AND ON ANY THEORY OF LIABILITY, WHETHER IN CONTRACT, STRICT LIABILITY,
ARM GAS  /tmp/ccvOmZ6r.s 			page 2


  32:Src/stm32f4xx_hal_msp.c ****   * OR TORT (INCLUDING NEGLIGENCE OR OTHERWISE) ARISING IN ANY WAY OUT OF THE USE
  33:Src/stm32f4xx_hal_msp.c ****   * OF THIS SOFTWARE, EVEN IF ADVISED OF THE POSSIBILITY OF SUCH DAMAGE.
  34:Src/stm32f4xx_hal_msp.c ****   *
  35:Src/stm32f4xx_hal_msp.c ****   ******************************************************************************  
  36:Src/stm32f4xx_hal_msp.c ****   */ 
  37:Src/stm32f4xx_hal_msp.c **** 
  38:Src/stm32f4xx_hal_msp.c **** /* Includes ------------------------------------------------------------------*/
  39:Src/stm32f4xx_hal_msp.c **** #include "main.h"
  40:Src/stm32f4xx_hal_msp.c **** 
  41:Src/stm32f4xx_hal_msp.c **** /** @addtogroup STM32F4xx_HAL_Examples
  42:Src/stm32f4xx_hal_msp.c ****   * @{
  43:Src/stm32f4xx_hal_msp.c ****   */
  44:Src/stm32f4xx_hal_msp.c **** 
  45:Src/stm32f4xx_hal_msp.c **** /** @defgroup HAL_MSP
  46:Src/stm32f4xx_hal_msp.c ****   * @brief HAL MSP module.
  47:Src/stm32f4xx_hal_msp.c ****   * @{
  48:Src/stm32f4xx_hal_msp.c ****   */
  49:Src/stm32f4xx_hal_msp.c **** 
  50:Src/stm32f4xx_hal_msp.c **** /* Private typedef -----------------------------------------------------------*/
  51:Src/stm32f4xx_hal_msp.c **** /* Private define ------------------------------------------------------------*/
  52:Src/stm32f4xx_hal_msp.c **** /* Private macro -------------------------------------------------------------*/
  53:Src/stm32f4xx_hal_msp.c **** /* Private variables ---------------------------------------------------------*/
  54:Src/stm32f4xx_hal_msp.c **** /* Private function prototypes -----------------------------------------------*/
  55:Src/stm32f4xx_hal_msp.c **** /* Private functions ---------------------------------------------------------*/
  56:Src/stm32f4xx_hal_msp.c **** 
  57:Src/stm32f4xx_hal_msp.c **** /** @defgroup HAL_MSP_Private_Functions
  58:Src/stm32f4xx_hal_msp.c ****   * @{
  59:Src/stm32f4xx_hal_msp.c ****   */
  60:Src/stm32f4xx_hal_msp.c **** 
  61:Src/stm32f4xx_hal_msp.c **** /**
  62:Src/stm32f4xx_hal_msp.c ****   * @brief I2C MSP Initialization 
  63:Src/stm32f4xx_hal_msp.c ****   *        This function configures the hardware resources used in this example: 
  64:Src/stm32f4xx_hal_msp.c ****   *           - Peripheral's clock enable
  65:Src/stm32f4xx_hal_msp.c ****   *           - Peripheral's GPIO Configuration  
  66:Src/stm32f4xx_hal_msp.c ****   *           - DMA configuration for transmission request by peripheral 
  67:Src/stm32f4xx_hal_msp.c ****   *           - NVIC configuration for DMA interrupt request enable
  68:Src/stm32f4xx_hal_msp.c ****   * @param hi2c: I2C handle pointer
  69:Src/stm32f4xx_hal_msp.c ****   * @retval None
  70:Src/stm32f4xx_hal_msp.c ****   */
  71:Src/stm32f4xx_hal_msp.c **** void HAL_I2C_MspInit(I2C_HandleTypeDef *hi2c)
  72:Src/stm32f4xx_hal_msp.c **** {
  28              		.loc 1 72 0
  29              		.cfi_startproc
  30              		@ args = 0, pretend = 0, frame = 40
  31              		@ frame_needed = 1, uses_anonymous_args = 0
  32 0000 80B5     		push	{r7, lr}
  33              	.LCFI0:
  34              		.cfi_def_cfa_offset 8
  35              		.cfi_offset 7, -8
  36              		.cfi_offset 14, -4
  37 0002 8AB0     		sub	sp, sp, #40
  38              	.LCFI1:
  39              		.cfi_def_cfa_offset 48
  40 0004 00AF     		add	r7, sp, #0
  41              	.LCFI2:
  42              		.cfi_def_cfa_register 7
  43 0006 7860     		str	r0, [r7, #4]
ARM GAS  /tmp/ccvOmZ6r.s 			page 3


  44              	.LBB2:
  73:Src/stm32f4xx_hal_msp.c ****   GPIO_InitTypeDef  GPIO_InitStruct;
  74:Src/stm32f4xx_hal_msp.c ****   
  75:Src/stm32f4xx_hal_msp.c ****   /*##-1- Enable peripherals and GPIO Clocks #################################*/
  76:Src/stm32f4xx_hal_msp.c ****   /* Enable GPIO TX/RX clock */
  77:Src/stm32f4xx_hal_msp.c ****   I2Cx_SCL_GPIO_CLK_ENABLE();
  45              		.loc 1 77 0
  46 0008 214B     		ldr	r3, .L2
  47 000a 214A     		ldr	r2, .L2
  48 000c 126B     		ldr	r2, [r2, #48]
  49 000e 42F00102 		orr	r2, r2, #1
  50 0012 1A63     		str	r2, [r3, #48]
  51 0014 1E4B     		ldr	r3, .L2
  52 0016 1B6B     		ldr	r3, [r3, #48]
  53 0018 03F00103 		and	r3, r3, #1
  54 001c 3B61     		str	r3, [r7, #16]
  55 001e 3B69     		ldr	r3, [r7, #16]
  56              	.LBE2:
  57              	.LBB3:
  78:Src/stm32f4xx_hal_msp.c ****   I2Cx_SDA_GPIO_CLK_ENABLE();
  58              		.loc 1 78 0
  59 0020 1B4B     		ldr	r3, .L2
  60 0022 1B4A     		ldr	r2, .L2
  61 0024 126B     		ldr	r2, [r2, #48]
  62 0026 42F00402 		orr	r2, r2, #4
  63 002a 1A63     		str	r2, [r3, #48]
  64 002c 184B     		ldr	r3, .L2
  65 002e 1B6B     		ldr	r3, [r3, #48]
  66 0030 03F00403 		and	r3, r3, #4
  67 0034 FB60     		str	r3, [r7, #12]
  68 0036 FB68     		ldr	r3, [r7, #12]
  69              	.LBE3:
  70              	.LBB4:
  79:Src/stm32f4xx_hal_msp.c ****   /* Enable I2C1 clock */
  80:Src/stm32f4xx_hal_msp.c ****   I2Cx_CLK_ENABLE(); 
  71              		.loc 1 80 0
  72 0038 154B     		ldr	r3, .L2
  73 003a 154A     		ldr	r2, .L2
  74 003c 126C     		ldr	r2, [r2, #64]
  75 003e 42F40002 		orr	r2, r2, #8388608
  76 0042 1A64     		str	r2, [r3, #64]
  77 0044 124B     		ldr	r3, .L2
  78 0046 1B6C     		ldr	r3, [r3, #64]
  79 0048 03F40003 		and	r3, r3, #8388608
  80 004c BB60     		str	r3, [r7, #8]
  81 004e BB68     		ldr	r3, [r7, #8]
  82              	.LBE4:
  81:Src/stm32f4xx_hal_msp.c ****   
  82:Src/stm32f4xx_hal_msp.c ****   /*##-2- Configure peripheral GPIO ##########################################*/  
  83:Src/stm32f4xx_hal_msp.c ****   /* I2C TX GPIO pin configuration  */
  84:Src/stm32f4xx_hal_msp.c ****   GPIO_InitStruct.Pin       = I2Cx_SCL_PIN;
  83              		.loc 1 84 0
  84 0050 4FF48073 		mov	r3, #256
  85 0054 7B61     		str	r3, [r7, #20]
  85:Src/stm32f4xx_hal_msp.c ****   GPIO_InitStruct.Mode      = GPIO_MODE_AF_OD;
  86              		.loc 1 85 0
  87 0056 1223     		movs	r3, #18
ARM GAS  /tmp/ccvOmZ6r.s 			page 4


  88 0058 BB61     		str	r3, [r7, #24]
  86:Src/stm32f4xx_hal_msp.c ****   GPIO_InitStruct.Pull      = GPIO_PULLUP;
  89              		.loc 1 86 0
  90 005a 0123     		movs	r3, #1
  91 005c FB61     		str	r3, [r7, #28]
  87:Src/stm32f4xx_hal_msp.c ****   GPIO_InitStruct.Speed     = GPIO_SPEED_FAST;
  92              		.loc 1 87 0
  93 005e 0223     		movs	r3, #2
  94 0060 3B62     		str	r3, [r7, #32]
  88:Src/stm32f4xx_hal_msp.c ****   GPIO_InitStruct.Alternate = I2Cx_SCL_AF;
  95              		.loc 1 88 0
  96 0062 0423     		movs	r3, #4
  97 0064 7B62     		str	r3, [r7, #36]
  89:Src/stm32f4xx_hal_msp.c ****   
  90:Src/stm32f4xx_hal_msp.c ****   HAL_GPIO_Init(I2Cx_SCL_GPIO_PORT, &GPIO_InitStruct);
  98              		.loc 1 90 0
  99 0066 07F11403 		add	r3, r7, #20
 100 006a 0A48     		ldr	r0, .L2+4
 101 006c 1946     		mov	r1, r3
 102 006e FFF7FEFF 		bl	HAL_GPIO_Init
  91:Src/stm32f4xx_hal_msp.c ****     
  92:Src/stm32f4xx_hal_msp.c ****   /* I2C RX GPIO pin configuration  */
  93:Src/stm32f4xx_hal_msp.c ****   GPIO_InitStruct.Pin = I2Cx_SDA_PIN;
 103              		.loc 1 93 0
 104 0072 4FF40073 		mov	r3, #512
 105 0076 7B61     		str	r3, [r7, #20]
  94:Src/stm32f4xx_hal_msp.c ****   GPIO_InitStruct.Alternate = I2Cx_SDA_AF;
 106              		.loc 1 94 0
 107 0078 0423     		movs	r3, #4
 108 007a 7B62     		str	r3, [r7, #36]
  95:Src/stm32f4xx_hal_msp.c ****     
  96:Src/stm32f4xx_hal_msp.c ****   HAL_GPIO_Init(I2Cx_SDA_GPIO_PORT, &GPIO_InitStruct);
 109              		.loc 1 96 0
 110 007c 07F11403 		add	r3, r7, #20
 111 0080 0548     		ldr	r0, .L2+8
 112 0082 1946     		mov	r1, r3
 113 0084 FFF7FEFF 		bl	HAL_GPIO_Init
  97:Src/stm32f4xx_hal_msp.c **** }
 114              		.loc 1 97 0
 115 0088 2837     		adds	r7, r7, #40
 116 008a BD46     		mov	sp, r7
 117              		@ sp needed
 118 008c 80BD     		pop	{r7, pc}
 119              	.L3:
 120 008e 00BF     		.align	2
 121              	.L2:
 122 0090 00380240 		.word	1073887232
 123 0094 00000240 		.word	1073872896
 124 0098 00080240 		.word	1073874944
 125              		.cfi_endproc
 126              	.LFE125:
 128              		.section	.text.HAL_I2C_MspDeInit,"ax",%progbits
 129              		.align	2
 130              		.global	HAL_I2C_MspDeInit
 131              		.thumb
 132              		.thumb_func
 134              	HAL_I2C_MspDeInit:
ARM GAS  /tmp/ccvOmZ6r.s 			page 5


 135              	.LFB126:
  98:Src/stm32f4xx_hal_msp.c **** 
  99:Src/stm32f4xx_hal_msp.c **** /**
 100:Src/stm32f4xx_hal_msp.c ****   * @brief I2C MSP De-Initialization 
 101:Src/stm32f4xx_hal_msp.c ****   *        This function frees the hardware resources used in this example:
 102:Src/stm32f4xx_hal_msp.c ****   *          - Disable the Peripheral's clock
 103:Src/stm32f4xx_hal_msp.c ****   *          - Revert GPIO, DMA and NVIC configuration to their default state
 104:Src/stm32f4xx_hal_msp.c ****   * @param hi2c: I2C handle pointer
 105:Src/stm32f4xx_hal_msp.c ****   * @retval None
 106:Src/stm32f4xx_hal_msp.c ****   */
 107:Src/stm32f4xx_hal_msp.c **** void HAL_I2C_MspDeInit(I2C_HandleTypeDef *hi2c)
 108:Src/stm32f4xx_hal_msp.c **** {
 136              		.loc 1 108 0
 137              		.cfi_startproc
 138              		@ args = 0, pretend = 0, frame = 8
 139              		@ frame_needed = 1, uses_anonymous_args = 0
 140 0000 80B5     		push	{r7, lr}
 141              	.LCFI3:
 142              		.cfi_def_cfa_offset 8
 143              		.cfi_offset 7, -8
 144              		.cfi_offset 14, -4
 145 0002 82B0     		sub	sp, sp, #8
 146              	.LCFI4:
 147              		.cfi_def_cfa_offset 16
 148 0004 00AF     		add	r7, sp, #0
 149              	.LCFI5:
 150              		.cfi_def_cfa_register 7
 151 0006 7860     		str	r0, [r7, #4]
 109:Src/stm32f4xx_hal_msp.c ****   /*##-1- Reset peripherals ##################################################*/
 110:Src/stm32f4xx_hal_msp.c ****   I2Cx_FORCE_RESET();
 152              		.loc 1 110 0
 153 0008 0C4B     		ldr	r3, .L5
 154 000a 0C4A     		ldr	r2, .L5
 155 000c 126A     		ldr	r2, [r2, #32]
 156 000e 42F40002 		orr	r2, r2, #8388608
 157 0012 1A62     		str	r2, [r3, #32]
 111:Src/stm32f4xx_hal_msp.c ****   I2Cx_RELEASE_RESET();
 158              		.loc 1 111 0
 159 0014 094B     		ldr	r3, .L5
 160 0016 094A     		ldr	r2, .L5
 161 0018 126A     		ldr	r2, [r2, #32]
 162 001a 22F40002 		bic	r2, r2, #8388608
 163 001e 1A62     		str	r2, [r3, #32]
 112:Src/stm32f4xx_hal_msp.c **** 
 113:Src/stm32f4xx_hal_msp.c ****   /*##-2- Disable peripherals and GPIO Clocks ################################*/
 114:Src/stm32f4xx_hal_msp.c ****   /* Configure I2C Tx as alternate function  */
 115:Src/stm32f4xx_hal_msp.c ****   HAL_GPIO_DeInit(I2Cx_SCL_GPIO_PORT, I2Cx_SCL_PIN);
 164              		.loc 1 115 0
 165 0020 0748     		ldr	r0, .L5+4
 166 0022 4FF48071 		mov	r1, #256
 167 0026 FFF7FEFF 		bl	HAL_GPIO_DeInit
 116:Src/stm32f4xx_hal_msp.c ****   /* Configure I2C Rx as alternate function  */
 117:Src/stm32f4xx_hal_msp.c ****   HAL_GPIO_DeInit(I2Cx_SDA_GPIO_PORT, I2Cx_SDA_PIN);
 168              		.loc 1 117 0
 169 002a 0648     		ldr	r0, .L5+8
 170 002c 4FF40071 		mov	r1, #512
 171 0030 FFF7FEFF 		bl	HAL_GPIO_DeInit
ARM GAS  /tmp/ccvOmZ6r.s 			page 6


 118:Src/stm32f4xx_hal_msp.c **** }
 172              		.loc 1 118 0
 173 0034 0837     		adds	r7, r7, #8
 174 0036 BD46     		mov	sp, r7
 175              		@ sp needed
 176 0038 80BD     		pop	{r7, pc}
 177              	.L6:
 178 003a 00BF     		.align	2
 179              	.L5:
 180 003c 00380240 		.word	1073887232
 181 0040 00000240 		.word	1073872896
 182 0044 00080240 		.word	1073874944
 183              		.cfi_endproc
 184              	.LFE126:
 186              		.text
 187              	.Letext0:
 188              		.file 2 "/usr/include/newlib/machine/_default_types.h"
 189              		.file 3 "/usr/include/newlib/stdint.h"
 190              		.file 4 "Drivers/CMSIS/Device/ST/STM32F4xx/Include/stm32f429xx.h"
 191              		.file 5 "Drivers/STM32F4xx_HAL_Driver/Inc/stm32f4xx_hal_def.h"
 192              		.file 6 "Drivers/STM32F4xx_HAL_Driver/Inc/stm32f4xx_hal_gpio.h"
 193              		.file 7 "Drivers/STM32F4xx_HAL_Driver/Inc/stm32f4xx_hal_dma.h"
 194              		.file 8 "Drivers/STM32F4xx_HAL_Driver/Inc/stm32f4xx_hal_i2c.h"
 195              		.file 9 "Drivers/CMSIS/Include/core_cm4.h"
ARM GAS  /tmp/ccvOmZ6r.s 			page 7


DEFINED SYMBOLS
                            *ABS*:0000000000000000 stm32f4xx_hal_msp.c
     /tmp/ccvOmZ6r.s:20     .text.HAL_I2C_MspInit:0000000000000000 $t
     /tmp/ccvOmZ6r.s:25     .text.HAL_I2C_MspInit:0000000000000000 HAL_I2C_MspInit
     /tmp/ccvOmZ6r.s:122    .text.HAL_I2C_MspInit:0000000000000090 $d
     /tmp/ccvOmZ6r.s:129    .text.HAL_I2C_MspDeInit:0000000000000000 $t
     /tmp/ccvOmZ6r.s:134    .text.HAL_I2C_MspDeInit:0000000000000000 HAL_I2C_MspDeInit
     /tmp/ccvOmZ6r.s:180    .text.HAL_I2C_MspDeInit:000000000000003c $d
                     .debug_frame:0000000000000010 $d

UNDEFINED SYMBOLS
HAL_GPIO_Init
HAL_GPIO_DeInit
